0 info it worked if it ends with ok
1 verbose cli [ 'node', '/usr/local/bin/npm', 'publish', './' ]
2 info using npm@2.7.4
3 info using node@v0.12.2
4 verbose publish [ './' ]
5 silly cache add args [ './', null ]
6 verbose cache add spec ./
7 silly cache add parsed spec { raw: './',
7 silly cache add   scope: null,
7 silly cache add   name: null,
7 silly cache add   rawSpec: './',
7 silly cache add   spec: '/Users/cchamberlain/games/beagleSNES',
7 silly cache add   type: 'directory' }
8 verbose addLocalDirectory /Users/cchamberlain/.npm/beagle-snes/0.1.1/package.tgz not in flight; packing
9 verbose tar pack [ '/Users/cchamberlain/.npm/beagle-snes/0.1.1/package.tgz',
9 verbose tar pack   '/Users/cchamberlain/games/beagleSNES' ]
10 verbose tarball /Users/cchamberlain/.npm/beagle-snes/0.1.1/package.tgz
11 verbose folder /Users/cchamberlain/games/beagleSNES
12 info prepublish beagle-snes@0.1.1
13 verbose addLocalTarball adding from inside cache /Users/cchamberlain/.npm/beagle-snes/0.1.1/package.tgz
14 silly cache afterAdd beagle-snes@0.1.1
15 verbose afterAdd /Users/cchamberlain/.npm/beagle-snes/0.1.1/package/package.json not in flight; writing
16 verbose afterAdd /Users/cchamberlain/.npm/beagle-snes/0.1.1/package/package.json written
17 silly publish { name: 'beagle-snes',
17 silly publish   version: '0.1.1',
17 silly publish   description: 'Additional features for the beagle-snes.',
17 silly publish   repository:
17 silly publish    { type: 'git',
17 silly publish      url: 'https://github.com/chambersoft/beagle-snes.git' },
17 silly publish   keywords: [ 'BeagleBone', 'Black', 'SNES', 'BeagleSNES' ],
17 silly publish   license: 'MIT',
17 silly publish   bugs: { url: 'https://github.com/chambersoft/beagle-snes/issues' },
17 silly publish   homepage: 'https://github.com/chambersoft/beagle-snes',
17 silly publish   bin:
17 silly publish    { clean_names: 'bin/clean_names',
17 silly publish      roms_to_xml: 'bin/roms_to_xml' },
17 silly publish   author:
17 silly publish    { name: 'chambersoft',
17 silly publish      email: 'cole.chamberlain@gmail.com',
17 silly publish      url: 'http://chambersoft.github.io' },
17 silly publish   readme: 'beagle-snes\n===========\n\nThis package packages and standardizes ROM names across various platforms to look (and work) nice in beagleSNES.\n\n\n`npm install -g beagle-snes`\n\n\n\nGoals\n-----\n\nPlans to add support for auto scraping public api\'s for images and correct ROM titles and auto generation of games.xml file.',
17 silly publish   readmeFilename: 'README.md',
17 silly publish   gitHead: 'f69ff8161a74e786fe79513c35994dad4ee18b99',
17 silly publish   _id: 'beagle-snes@0.1.1',
17 silly publish   scripts: {},
17 silly publish   _shasum: '3cef71736ffdf66d6cd30803a5743aaa23068987',
17 silly publish   _from: '.' }
18 silly mapToRegistry name beagle-snes
19 silly mapToRegistry using default registry
20 silly mapToRegistry registry https://registry.npmjs.org/
21 silly mapToRegistry uri https://registry.npmjs.org/beagle-snes
22 verbose publish registryBase https://registry.npmjs.org/
23 silly publish uploading /Users/cchamberlain/.npm/beagle-snes/0.1.1/package.tgz
24 verbose request uri https://registry.npmjs.org/beagle-snes
25 verbose request sending authorization for write operation
26 info attempt registry request try #1 at 5:09:13 PM
27 verbose request using bearer token for auth
28 verbose request id 23496c61c784c9e4
29 http request PUT https://registry.npmjs.org/beagle-snes
30 http 404 https://registry.npmjs.org/beagle-snes
31 verbose headers { 'content-type': 'application/json',
31 verbose headers   'cache-control': 'max-age=0',
31 verbose headers   'content-length': '21',
31 verbose headers   'accept-ranges': 'bytes',
31 verbose headers   date: 'Tue, 26 May 2015 00:11:13 GMT',
31 verbose headers   via: '1.1 varnish',
31 verbose headers   connection: 'keep-alive',
31 verbose headers   'x-served-by': 'cache-dfw1823-DFW',
31 verbose headers   'x-cache': 'MISS',
31 verbose headers   'x-cache-hits': '0',
31 verbose headers   'x-timer': 'S1432598954.824440,VS0,VE118806' }
32 verbose request invalidating /Users/cchamberlain/.npm/registry.npmjs.org/beagle-snes on PUT
33 error publish Failed PUT 404
34 verbose stack Error: Not found : beagle-snes
34 verbose stack     at CachingRegistryClient.<anonymous> (/usr/local/lib/node_modules/npm/node_modules/npm-registry-client/lib/request.js:247:14)
34 verbose stack     at Request._callback (/usr/local/lib/node_modules/npm/node_modules/npm-registry-client/lib/request.js:170:14)
34 verbose stack     at Request.self.callback (/usr/local/lib/node_modules/npm/node_modules/request/request.js:344:22)
34 verbose stack     at Request.emit (events.js:110:17)
34 verbose stack     at Request.<anonymous> (/usr/local/lib/node_modules/npm/node_modules/request/request.js:1239:14)
34 verbose stack     at Request.emit (events.js:129:20)
34 verbose stack     at IncomingMessage.<anonymous> (/usr/local/lib/node_modules/npm/node_modules/request/request.js:1187:12)
34 verbose stack     at IncomingMessage.emit (events.js:129:20)
34 verbose stack     at _stream_readable.js:908:16
34 verbose stack     at process._tickCallback (node.js:355:11)
35 verbose statusCode 404
36 verbose pkgid beagle-snes
37 verbose cwd /Users/cchamberlain/games/beagleSNES
38 error Darwin 14.3.0
39 error argv "node" "/usr/local/bin/npm" "publish" "./"
40 error node v0.12.2
41 error npm  v2.7.4
42 error code E404
43 error 404 Not found : beagle-snes
43 error 404
43 error 404 'beagle-snes' is not in the npm registry.
43 error 404 You should bug the author to publish it (or use the name yourself!)
43 error 404
43 error 404 Note that you can also install from a
43 error 404 tarball, folder, http url, or git url.
44 verbose exit [ 1, true ]
